{
  "stats": {
    "suites": 1,
    "tests": 1,
    "passes": 1,
    "pending": 0,
    "failures": 0,
    "start": "2024-11-13T23:32:14.576Z",
    "end": "2024-11-13T23:32:32.270Z",
    "duration": 17694,
    "testsRegistered": 1,
    "passPercent": 100,
    "pendingPercent": 0,
    "other": 0,
    "hasOther": false,
    "skipped": 0,
    "hasSkipped": false
  },
  "results": [
    {
      "uuid": "5043a4dd-7e14-4c30-8c44-9b801a3b53a2",
      "title": "",
      "fullFile": "cypress/e2e/automation_e2e.cy.js",
      "file": "cypress/e2e/automation_e2e.cy.js",
      "beforeHooks": [],
      "afterHooks": [],
      "tests": [],
      "suites": [
        {
          "uuid": "a7c5645a-3ca2-41b2-bcb6-3916ee22432c",
          "title": "Web Automation Test",
          "fullFile": "",
          "file": "",
          "beforeHooks": [],
          "afterHooks": [],
          "tests": [
            {
              "title": "tests user flow",
              "fullTitle": "Web Automation Test tests user flow",
              "timedOut": null,
              "duration": 14054,
              "state": "passed",
              "speed": "slow",
              "pass": true,
              "fail": false,
              "pending": false,
              "context": null,
              "code": "_home.default.clickProducts();\n_productsPage.default.viewThirthProductDetails();\nconst randNum = Math.floor(Math.random() * 20) + 1;\n_productsPage.default.enterQuantityValue(randNum);\n_productsPage.default.clickAddToCartButton();\n_productsPage.default.clickContinueShoppingPopUpButton();\n_home.default.clickCart();\n_cartPage.default.clickProcedToCheckoutButton();\n_cartPage.default.clickRegisterLoginLink();\nconst fullName = faker.person.fullName();\nconst email = faker.internet.email();\nconst password = faker.internet.password();\n_loginPage.default.typeSignupNameField(fullName);\n_loginPage.default.typeSignupEmailField(email);\n_loginPage.default.clickSignupButton();\n_loginPage.default.typeSignupPasswordField(password);\n_loginPage.default.typeSignupFirstNameField('test');\n_loginPage.default.typeSignupLastNameField('test');\n_loginPage.default.typeSignupAddressField('test');\n_loginPage.default.typeSignupStateField('test');\n_loginPage.default.typeSignupCityField('test');\n_loginPage.default.typeSignupZipcodeField('99999');\n_loginPage.default.typeSignupMobileField('88888888');\n_loginPage.default.clickCreateAcountButton();\n_loginPage.default.clickContinueButton();\n_home.default.clickCart();\n_cartPage.default.clickProcedToCheckoutButton();\n_home.default.clickLogoutTitle();",
              "err": {},
              "uuid": "394eaab9-3a54-479b-a29a-6d349e979a97",
              "parentUUID": "a7c5645a-3ca2-41b2-bcb6-3916ee22432c",
              "isHook": false,
              "skipped": false
            }
          ],
          "suites": [],
          "passes": [
            "394eaab9-3a54-479b-a29a-6d349e979a97"
          ],
          "failures": [],
          "pending": [],
          "skipped": [],
          "duration": 14054,
          "root": false,
          "rootEmpty": false,
          "_timeout": 2000
        }
      ],
      "passes": [],
      "failures": [],
      "pending": [],
      "skipped": [],
      "duration": 0,
      "root": true,
      "rootEmpty": true,
      "_timeout": 2000
    }
  ],
  "meta": {
    "mocha": {
      "version": "7.0.1"
    },
    "mochawesome": {
      "options": {
        "quiet": false,
        "reportFilename": "mochawesome",
        "saveHtml": true,
        "saveJson": true,
        "consoleReporter": "spec",
        "useInlineDiffs": false,
        "code": true
      },
      "version": "7.1.3"
    },
    "marge": {
      "options": {
        "reportDir": "cypress/results",
        "overwrite": true,
        "charts": true,
        "reportPageTitle": "custom-title",
        "embeddedScreenshots": true,
        "inlineAssets": true,
        "saveAllAttempts": false
      },
      "version": "6.2.0"
    }
  }
}